{"/Applications/MAMP/htdocs/2425-GoldenCollar-TII5-NodeJS/javascript_bases/dab.js": {"path":"/Applications/MAMP/htdocs/2425-GoldenCollar-TII5-NodeJS/javascript_bases/dab.js","statementMap":{"0":{"start":{"line":2,"column":15},"end":{"line":2,"column":27}},"1":{"start":{"line":4,"column":21},"end":{"line":35,"column":1}},"2":{"start":{"line":18,"column":20},"end":{"line":18,"column":22}},"3":{"start":{"line":19,"column":8},"end":{"line":32,"column":15}},"4":{"start":{"line":21,"column":28},"end":{"line":21,"column":33}},"5":{"start":{"line":23,"column":16},"end":{"line":23,"column":87}},"6":{"start":{"line":24,"column":16},"end":{"line":31,"column":17}},"7":{"start":{"line":25,"column":20},"end":{"line":25,"column":65}},"8":{"start":{"line":26,"column":20},"end":{"line":28,"column":21}},"9":{"start":{"line":27,"column":24},"end":{"line":27,"column":62}},"10":{"start":{"line":29,"column":20},"end":{"line":29,"column":54}},"11":{"start":{"line":30,"column":20},"end":{"line":30,"column":59}},"12":{"start":{"line":33,"column":8},"end":{"line":33,"column":21}},"13":{"start":{"line":37,"column":30},"end":{"line":67,"column":1}},"14":{"start":{"line":41,"column":8},"end":{"line":41,"column":63}},"15":{"start":{"line":45,"column":8},"end":{"line":45,"column":36}},"16":{"start":{"line":46,"column":8},"end":{"line":51,"column":9}},"17":{"start":{"line":47,"column":12},"end":{"line":47,"column":34}},"18":{"start":{"line":48,"column":12},"end":{"line":48,"column":62}},"19":{"start":{"line":50,"column":12},"end":{"line":50,"column":57}},"20":{"start":{"line":55,"column":8},"end":{"line":55,"column":36}},"21":{"start":{"line":56,"column":8},"end":{"line":64,"column":9}},"22":{"start":{"line":57,"column":12},"end":{"line":57,"column":34}},"23":{"start":{"line":58,"column":12},"end":{"line":58,"column":35}},"24":{"start":{"line":59,"column":12},"end":{"line":59,"column":62}},"25":{"start":{"line":60,"column":15},"end":{"line":64,"column":9}},"26":{"start":{"line":61,"column":12},"end":{"line":61,"column":47}},"27":{"start":{"line":63,"column":12},"end":{"line":63,"column":57}},"28":{"start":{"line":69,"column":19},"end":{"line":140,"column":1}},"29":{"start":{"line":72,"column":8},"end":{"line":72,"column":24}},"30":{"start":{"line":73,"column":8},"end":{"line":73,"column":39}},"31":{"start":{"line":74,"column":8},"end":{"line":74,"column":28}},"32":{"start":{"line":75,"column":8},"end":{"line":75,"column":29}},"33":{"start":{"line":80,"column":8},"end":{"line":80,"column":45}},"34":{"start":{"line":81,"column":8},"end":{"line":81,"column":45}},"35":{"start":{"line":82,"column":8},"end":{"line":82,"column":45}},"36":{"start":{"line":83,"column":8},"end":{"line":83,"column":46}},"37":{"start":{"line":84,"column":8},"end":{"line":84,"column":46}},"38":{"start":{"line":85,"column":8},"end":{"line":85,"column":34}},"39":{"start":{"line":90,"column":21},"end":{"line":90,"column":29}},"40":{"start":{"line":91,"column":8},"end":{"line":91,"column":24}},"41":{"start":{"line":92,"column":8},"end":{"line":112,"column":9}},"42":{"start":{"line":94,"column":16},"end":{"line":94,"column":38}},"43":{"start":{"line":95,"column":16},"end":{"line":95,"column":22}},"44":{"start":{"line":97,"column":16},"end":{"line":97,"column":39}},"45":{"start":{"line":98,"column":16},"end":{"line":98,"column":22}},"46":{"start":{"line":100,"column":37},"end":{"line":100,"column":76}},"47":{"start":{"line":101,"column":16},"end":{"line":101,"column":43}},"48":{"start":{"line":102,"column":16},"end":{"line":102,"column":22}},"49":{"start":{"line":104,"column":39},"end":{"line":104,"column":78}},"50":{"start":{"line":105,"column":16},"end":{"line":105,"column":45}},"51":{"start":{"line":106,"column":16},"end":{"line":106,"column":22}},"52":{"start":{"line":108,"column":16},"end":{"line":108,"column":31}},"53":{"start":{"line":109,"column":16},"end":{"line":109,"column":22}},"54":{"start":{"line":111,"column":16},"end":{"line":111,"column":68}},"55":{"start":{"line":113,"column":8},"end":{"line":113,"column":28}},"56":{"start":{"line":114,"column":8},"end":{"line":114,"column":29}},"57":{"start":{"line":118,"column":8},"end":{"line":118,"column":39}},"58":{"start":{"line":119,"column":8},"end":{"line":121,"column":11}},"59":{"start":{"line":120,"column":12},"end":{"line":120,"column":86}},"60":{"start":{"line":125,"column":8},"end":{"line":125,"column":40}},"61":{"start":{"line":129,"column":8},"end":{"line":129,"column":46}},"62":{"start":{"line":133,"column":8},"end":{"line":133,"column":46}},"63":{"start":{"line":137,"column":8},"end":{"line":137,"column":65}},"64":{"start":{"line":138,"column":8},"end":{"line":138,"column":23}}},"fnMap":{"0":{"name":"(anonymous_0)","decl":{"start":{"line":17,"column":13},"end":{"line":17,"column":14}},"loc":{"start":{"line":17,"column":31},"end":{"line":34,"column":5}},"line":17},"1":{"name":"(anonymous_1)","decl":{"start":{"line":21,"column":18},"end":{"line":21,"column":19}},"loc":{"start":{"line":21,"column":28},"end":{"line":21,"column":33}},"line":21},"2":{"name":"(anonymous_2)","decl":{"start":{"line":22,"column":21},"end":{"line":22,"column":22}},"loc":{"start":{"line":22,"column":31},"end":{"line":32,"column":13}},"line":22},"3":{"name":"(anonymous_3)","decl":{"start":{"line":40,"column":20},"end":{"line":40,"column":21}},"loc":{"start":{"line":40,"column":31},"end":{"line":42,"column":5}},"line":40},"4":{"name":"(anonymous_4)","decl":{"start":{"line":44,"column":19},"end":{"line":44,"column":20}},"loc":{"start":{"line":44,"column":37},"end":{"line":52,"column":5}},"line":44},"5":{"name":"(anonymous_5)","decl":{"start":{"line":54,"column":19},"end":{"line":54,"column":20}},"loc":{"start":{"line":54,"column":37},"end":{"line":65,"column":5}},"line":54},"6":{"name":"(anonymous_6)","decl":{"start":{"line":71,"column":17},"end":{"line":71,"column":18}},"loc":{"start":{"line":71,"column":28},"end":{"line":76,"column":5}},"line":71},"7":{"name":"(anonymous_7)","decl":{"start":{"line":79,"column":18},"end":{"line":79,"column":19}},"loc":{"start":{"line":79,"column":29},"end":{"line":86,"column":5}},"line":79},"8":{"name":"(anonymous_8)","decl":{"start":{"line":89,"column":19},"end":{"line":89,"column":20}},"loc":{"start":{"line":89,"column":30},"end":{"line":115,"column":5}},"line":89},"9":{"name":"(anonymous_9)","decl":{"start":{"line":117,"column":20},"end":{"line":117,"column":21}},"loc":{"start":{"line":117,"column":31},"end":{"line":122,"column":5}},"line":117},"10":{"name":"(anonymous_10)","decl":{"start":{"line":119,"column":44},"end":{"line":119,"column":45}},"loc":{"start":{"line":119,"column":55},"end":{"line":121,"column":9}},"line":119},"11":{"name":"(anonymous_11)","decl":{"start":{"line":124,"column":21},"end":{"line":124,"column":22}},"loc":{"start":{"line":124,"column":32},"end":{"line":126,"column":5}},"line":124},"12":{"name":"(anonymous_12)","decl":{"start":{"line":128,"column":13},"end":{"line":128,"column":14}},"loc":{"start":{"line":128,"column":31},"end":{"line":130,"column":5}},"line":128},"13":{"name":"(anonymous_13)","decl":{"start":{"line":132,"column":13},"end":{"line":132,"column":14}},"loc":{"start":{"line":132,"column":31},"end":{"line":134,"column":5}},"line":132},"14":{"name":"(anonymous_14)","decl":{"start":{"line":136,"column":13},"end":{"line":136,"column":14}},"loc":{"start":{"line":136,"column":24},"end":{"line":139,"column":5}},"line":136}},"branchMap":{"0":{"loc":{"start":{"line":24,"column":16},"end":{"line":31,"column":17}},"type":"if","locations":[{"start":{"line":24,"column":16},"end":{"line":31,"column":17}},{"start":{},"end":{}}],"line":24},"1":{"loc":{"start":{"line":26,"column":20},"end":{"line":28,"column":21}},"type":"if","locations":[{"start":{"line":26,"column":20},"end":{"line":28,"column":21}},{"start":{},"end":{}}],"line":26},"2":{"loc":{"start":{"line":46,"column":8},"end":{"line":51,"column":9}},"type":"if","locations":[{"start":{"line":46,"column":8},"end":{"line":51,"column":9}},{"start":{"line":49,"column":15},"end":{"line":51,"column":9}}],"line":46},"3":{"loc":{"start":{"line":56,"column":8},"end":{"line":64,"column":9}},"type":"if","locations":[{"start":{"line":56,"column":8},"end":{"line":64,"column":9}},{"start":{"line":60,"column":15},"end":{"line":64,"column":9}}],"line":56},"4":{"loc":{"start":{"line":56,"column":12},"end":{"line":56,"column":48}},"type":"binary-expr","locations":[{"start":{"line":56,"column":12},"end":{"line":56,"column":23}},{"start":{"line":56,"column":27},"end":{"line":56,"column":48}}],"line":56},"5":{"loc":{"start":{"line":60,"column":15},"end":{"line":64,"column":9}},"type":"if","locations":[{"start":{"line":60,"column":15},"end":{"line":64,"column":9}},{"start":{"line":62,"column":15},"end":{"line":64,"column":9}}],"line":60},"6":{"loc":{"start":{"line":92,"column":8},"end":{"line":112,"column":9}},"type":"switch","locations":[{"start":{"line":93,"column":12},"end":{"line":95,"column":22}},{"start":{"line":96,"column":12},"end":{"line":98,"column":22}},{"start":{"line":99,"column":12},"end":{"line":102,"column":22}},{"start":{"line":103,"column":12},"end":{"line":106,"column":22}},{"start":{"line":107,"column":12},"end":{"line":109,"column":22}},{"start":{"line":110,"column":12},"end":{"line":111,"column":68}}],"line":92}},"s":{"0":1,"1":1,"2":0,"3":0,"4":0,"5":0,"6":0,"7":0,"8":0,"9":0,"10":0,"11":0,"12":0,"13":1,"14":0,"15":0,"16":0,"17":0,"18":0,"19":0,"20":0,"21":0,"22":0,"23":0,"24":0,"25":0,"26":0,"27":0,"28":1,"29":0,"30":0,"31":0,"32":0,"33":0,"34":0,"35":0,"36":0,"37":0,"38":0,"39":0,"40":0,"41":0,"42":0,"43":0,"44":0,"45":0,"46":0,"47":0,"48":0,"49":0,"50":0,"51":0,"52":0,"53":0,"54":0,"55":0,"56":0,"57":0,"58":0,"59":0,"60":0,"61":0,"62":0,"63":0,"64":0},"f":{"0":0,"1":0,"2":0,"3":0,"4":0,"5":0,"6":0,"7":0,"8":0,"9":0,"10":0,"11":0,"12":0,"13":0,"14":0},"b":{"0":[0,0],"1":[0,0],"2":[0,0],"3":[0,0],"4":[0,0],"5":[0,0],"6":[0,0,0,0,0,0]},"_coverageSchema":"1a1c01bbd47fc00a2c39e90264f33305004495a9","hash":"f62c1a13a7d83fa92dc0823626b2d939b37d7d4d"}
}
